{"/Users/anisul_islam/Documents/testing/helper/saveData.js": {"path":"/Users/anisul_islam/Documents/testing/helper/saveData.js","statementMap":{"0":{"start":{"line":1,"column":11},"end":{"line":1,"column":24}},"1":{"start":{"line":2,"column":13},"end":{"line":2,"column":28}},"2":{"start":{"line":4,"column":17},"end":{"line":12,"column":1}},"3":{"start":{"line":5,"column":2},"end":{"line":11,"column":3}},"4":{"start":{"line":6,"column":21},"end":{"line":6,"column":63}},"5":{"start":{"line":7,"column":4},"end":{"line":7,"column":57}},"6":{"start":{"line":8,"column":4},"end":{"line":8,"column":16}},"7":{"start":{"line":10,"column":4},"end":{"line":10,"column":17}},"8":{"start":{"line":14,"column":0},"end":{"line":14,"column":26}}},"fnMap":{"0":{"name":"(anonymous_0)","decl":{"start":{"line":4,"column":17},"end":{"line":4,"column":18}},"loc":{"start":{"line":4,"column":31},"end":{"line":12,"column":1}},"line":4}},"branchMap":{},"s":{"0":1,"1":1,"2":1,"3":3,"4":3,"5":3,"6":3,"7":0,"8":1},"f":{"0":3},"b":{},"_coverageSchema":"1a1c01bbd47fc00a2c39e90264f33305004495a9","hash":"2efd39992ed184de745035de2950df3adbea0cca"}
,"/Users/anisul_islam/Documents/testing/routes/user.js": {"path":"/Users/anisul_islam/Documents/testing/routes/user.js","statementMap":{"0":{"start":{"line":1,"column":18},"end":{"line":1,"column":45}},"1":{"start":{"line":3,"column":18},"end":{"line":3,"column":47}},"2":{"start":{"line":4,"column":17},"end":{"line":4,"column":46}},"3":{"start":{"line":6,"column":0},"end":{"line":8,"column":3}},"4":{"start":{"line":7,"column":2},"end":{"line":7,"column":22}},"5":{"start":{"line":10,"column":0},"end":{"line":30,"column":3}},"6":{"start":{"line":11,"column":24},"end":{"line":11,"column":32}},"7":{"start":{"line":12,"column":13},"end":{"line":12,"column":26}},"8":{"start":{"line":14,"column":2},"end":{"line":18,"column":3}},"9":{"start":{"line":15,"column":4},"end":{"line":17,"column":7}},"10":{"start":{"line":20,"column":18},"end":{"line":20,"column":35}},"11":{"start":{"line":21,"column":2},"end":{"line":21,"column":26}},"12":{"start":{"line":23,"column":18},"end":{"line":23,"column":37}},"13":{"start":{"line":24,"column":2},"end":{"line":28,"column":3}},"14":{"start":{"line":25,"column":4},"end":{"line":27,"column":7}},"15":{"start":{"line":29,"column":2},"end":{"line":29,"column":64}},"16":{"start":{"line":32,"column":0},"end":{"line":64,"column":3}},"17":{"start":{"line":33,"column":17},"end":{"line":33,"column":27}},"18":{"start":{"line":34,"column":24},"end":{"line":34,"column":32}},"19":{"start":{"line":36,"column":23},"end":{"line":36,"column":71}},"20":{"start":{"line":36,"column":48},"end":{"line":36,"column":70}},"21":{"start":{"line":38,"column":2},"end":{"line":42,"column":3}},"22":{"start":{"line":39,"column":4},"end":{"line":41,"column":7}},"23":{"start":{"line":44,"column":19},"end":{"line":44,"column":23}},"24":{"start":{"line":45,"column":22},"end":{"line":55,"column":4}},"25":{"start":{"line":46,"column":4},"end":{"line":53,"column":5}},"26":{"start":{"line":47,"column":6},"end":{"line":51,"column":8}},"27":{"start":{"line":52,"column":6},"end":{"line":52,"column":24}},"28":{"start":{"line":54,"column":4},"end":{"line":54,"column":16}},"29":{"start":{"line":57,"column":18},"end":{"line":57,"column":39}},"30":{"start":{"line":58,"column":2},"end":{"line":62,"column":3}},"31":{"start":{"line":59,"column":4},"end":{"line":61,"column":7}},"32":{"start":{"line":63,"column":2},"end":{"line":63,"column":64}},"33":{"start":{"line":66,"column":0},"end":{"line":89,"column":3}},"34":{"start":{"line":67,"column":17},"end":{"line":67,"column":27}},"35":{"start":{"line":69,"column":23},"end":{"line":69,"column":71}},"36":{"start":{"line":69,"column":48},"end":{"line":69,"column":70}},"37":{"start":{"line":71,"column":2},"end":{"line":76,"column":3}},"38":{"start":{"line":72,"column":4},"end":{"line":75,"column":7}},"39":{"start":{"line":78,"column":35},"end":{"line":80,"column":3}},"40":{"start":{"line":79,"column":14},"end":{"line":79,"column":36}},"41":{"start":{"line":82,"column":18},"end":{"line":82,"column":52}},"42":{"start":{"line":83,"column":2},"end":{"line":87,"column":3}},"43":{"start":{"line":84,"column":4},"end":{"line":86,"column":7}},"44":{"start":{"line":88,"column":2},"end":{"line":88,"column":64}},"45":{"start":{"line":91,"column":0},"end":{"line":91,"column":27}}},"fnMap":{"0":{"name":"(anonymous_0)","decl":{"start":{"line":6,"column":19},"end":{"line":6,"column":20}},"loc":{"start":{"line":6,"column":33},"end":{"line":8,"column":1}},"line":6},"1":{"name":"(anonymous_1)","decl":{"start":{"line":10,"column":20},"end":{"line":10,"column":21}},"loc":{"start":{"line":10,"column":34},"end":{"line":30,"column":1}},"line":10},"2":{"name":"(anonymous_2)","decl":{"start":{"line":32,"column":22},"end":{"line":32,"column":23}},"loc":{"start":{"line":32,"column":36},"end":{"line":64,"column":1}},"line":32},"3":{"name":"(anonymous_3)","decl":{"start":{"line":36,"column":38},"end":{"line":36,"column":39}},"loc":{"start":{"line":36,"column":48},"end":{"line":36,"column":70}},"line":36},"4":{"name":"(anonymous_4)","decl":{"start":{"line":45,"column":36},"end":{"line":45,"column":37}},"loc":{"start":{"line":45,"column":46},"end":{"line":55,"column":3}},"line":45},"5":{"name":"(anonymous_5)","decl":{"start":{"line":66,"column":25},"end":{"line":66,"column":26}},"loc":{"start":{"line":66,"column":39},"end":{"line":89,"column":1}},"line":66},"6":{"name":"(anonymous_6)","decl":{"start":{"line":69,"column":38},"end":{"line":69,"column":39}},"loc":{"start":{"line":69,"column":48},"end":{"line":69,"column":70}},"line":69},"7":{"name":"(anonymous_7)","decl":{"start":{"line":79,"column":4},"end":{"line":79,"column":5}},"loc":{"start":{"line":79,"column":14},"end":{"line":79,"column":36}},"line":79}},"branchMap":{"0":{"loc":{"start":{"line":14,"column":2},"end":{"line":18,"column":3}},"type":"if","locations":[{"start":{"line":14,"column":2},"end":{"line":18,"column":3}},{"start":{},"end":{}}],"line":14},"1":{"loc":{"start":{"line":14,"column":6},"end":{"line":14,"column":19}},"type":"binary-expr","locations":[{"start":{"line":14,"column":6},"end":{"line":14,"column":11}},{"start":{"line":14,"column":15},"end":{"line":14,"column":19}}],"line":14},"2":{"loc":{"start":{"line":24,"column":2},"end":{"line":28,"column":3}},"type":"if","locations":[{"start":{"line":24,"column":2},"end":{"line":28,"column":3}},{"start":{},"end":{}}],"line":24},"3":{"loc":{"start":{"line":38,"column":2},"end":{"line":42,"column":3}},"type":"if","locations":[{"start":{"line":38,"column":2},"end":{"line":42,"column":3}},{"start":{},"end":{}}],"line":38},"4":{"loc":{"start":{"line":46,"column":4},"end":{"line":53,"column":5}},"type":"if","locations":[{"start":{"line":46,"column":4},"end":{"line":53,"column":5}},{"start":{},"end":{}}],"line":46},"5":{"loc":{"start":{"line":58,"column":2},"end":{"line":62,"column":3}},"type":"if","locations":[{"start":{"line":58,"column":2},"end":{"line":62,"column":3}},{"start":{},"end":{}}],"line":58},"6":{"loc":{"start":{"line":71,"column":2},"end":{"line":76,"column":3}},"type":"if","locations":[{"start":{"line":71,"column":2},"end":{"line":76,"column":3}},{"start":{},"end":{}}],"line":71},"7":{"loc":{"start":{"line":83,"column":2},"end":{"line":87,"column":3}},"type":"if","locations":[{"start":{"line":83,"column":2},"end":{"line":87,"column":3}},{"start":{},"end":{}}],"line":83}},"s":{"0":1,"1":1,"2":1,"3":1,"4":1,"5":1,"6":2,"7":2,"8":2,"9":1,"10":1,"11":1,"12":1,"13":1,"14":0,"15":1,"16":1,"17":2,"18":2,"19":2,"20":5,"21":2,"22":1,"23":1,"24":1,"25":3,"26":1,"27":1,"28":2,"29":1,"30":1,"31":0,"32":1,"33":1,"34":2,"35":2,"36":5,"37":2,"38":1,"39":1,"40":3,"41":1,"42":1,"43":0,"44":1,"45":1},"f":{"0":1,"1":2,"2":2,"3":5,"4":3,"5":2,"6":5,"7":3},"b":{"0":[1,1],"1":[2,1],"2":[0,1],"3":[1,1],"4":[1,2],"5":[0,1],"6":[1,1],"7":[0,1]},"_coverageSchema":"1a1c01bbd47fc00a2c39e90264f33305004495a9","hash":"c64707e64fe935fd8450650f71bd601ec3186e4d"}
}
