TN:
SF:helper/saveData.js
FN:4,(anonymous_0)
FNF:1
FNH:1
FNDA:3,(anonymous_0)
DA:1,1
DA:2,1
DA:4,1
DA:5,3
DA:6,3
DA:7,3
DA:8,3
DA:10,0
DA:14,1
LF:9
LH:8
BRF:0
BRH:0
end_of_record
TN:
SF:routes/user.js
FN:6,(anonymous_0)
FN:10,(anonymous_1)
FN:32,(anonymous_2)
FN:36,(anonymous_3)
FN:45,(anonymous_4)
FN:66,(anonymous_5)
FN:69,(anonymous_6)
FN:79,(anonymous_7)
FNF:8
FNH:8
FNDA:1,(anonymous_0)
FNDA:2,(anonymous_1)
FNDA:2,(anonymous_2)
FNDA:5,(anonymous_3)
FNDA:3,(anonymous_4)
FNDA:2,(anonymous_5)
FNDA:5,(anonymous_6)
FNDA:3,(anonymous_7)
DA:1,1
DA:3,1
DA:4,1
DA:6,1
DA:7,1
DA:10,1
DA:11,2
DA:12,2
DA:14,2
DA:15,1
DA:20,1
DA:21,1
DA:23,1
DA:24,1
DA:25,0
DA:29,1
DA:32,1
DA:33,2
DA:34,2
DA:36,5
DA:38,2
DA:39,1
DA:44,1
DA:45,1
DA:46,3
DA:47,1
DA:52,1
DA:54,2
DA:57,1
DA:58,1
DA:59,0
DA:63,1
DA:66,1
DA:67,2
DA:69,5
DA:71,2
DA:72,1
DA:78,1
DA:79,3
DA:82,1
DA:83,1
DA:84,0
DA:88,1
DA:91,1
LF:44
LH:41
BRDA:14,0,0,1
BRDA:14,0,1,1
BRDA:14,1,0,2
BRDA:14,1,1,1
BRDA:24,2,0,0
BRDA:24,2,1,1
BRDA:38,3,0,1
BRDA:38,3,1,1
BRDA:46,4,0,1
BRDA:46,4,1,2
BRDA:58,5,0,0
BRDA:58,5,1,1
BRDA:71,6,0,1
BRDA:71,6,1,1
BRDA:83,7,0,0
BRDA:83,7,1,1
BRF:16
BRH:13
end_of_record
